<?xml version="1.0" encoding="UTF-8"?>
<testsuite xmlns:xsi="http://www.w3.org/2001/XMLSchema-instance" xsi:noNamespaceSchemaLocation="https://maven.apache.org/surefire/maven-surefire-plugin/xsd/surefire-test-report-3.0.xsd" version="3.0" name="homework.AppTest" time="0.141" tests="19" errors="0" skipped="0" failures="0">
  <properties>
[...]
</properties>
  <testcase name="test10" classname="homework.AppTest" time="0.034">
    <system-out><![CDATA[Testing Starting.
]]></system-out>
    <system-err><![CDATA[Feb 28, 2024 9:18:45 P.M. org.junit.jupiter.engine.descriptor.JupiterTestDescriptor lambda$getTags$1
WARNING: Configuration error: invalid tag syntax in @Tag("Invalid Input") declaration on [public void homework.AppTest.test10()]. Tag will be ignored.
Feb 28, 2024 9:18:45 P.M. org.junit.jupiter.engine.descriptor.JupiterTestDescriptor lambda$getTags$1
WARNING: Configuration error: invalid tag syntax in @Tag("Invalid Input") declaration on [public void homework.AppTest.test11()]. Tag will be ignored.
Feb 28, 2024 9:18:45 P.M. org.junit.jupiter.engine.descriptor.JupiterTestDescriptor lambda$getTags$1
WARNING: Configuration error: invalid tag syntax in @Tag("Invalid Input") declaration on [public void homework.AppTest.test12()]. Tag will be ignored.
Feb 28, 2024 9:18:45 P.M. org.junit.jupiter.engine.descriptor.JupiterTestDescriptor lambda$getTags$1
WARNING: Configuration error: invalid tag syntax in @Tag("Invalid Input") declaration on [public void homework.AppTest.test13()]. Tag will be ignored.
Feb 28, 2024 9:18:45 P.M. org.junit.jupiter.engine.descriptor.JupiterTestDescriptor lambda$getTags$1
WARNING: Configuration error: invalid tag syntax in @Tag("Invalid Input") declaration on [public void homework.AppTest.test15()]. Tag will be ignored.
Feb 28, 2024 9:18:45 P.M. org.junit.jupiter.engine.descriptor.JupiterTestDescriptor lambda$getTags$1
WARNING: Configuration error: invalid tag syntax in @Tag("Invalid Input") declaration on [public void homework.AppTest.test16()]. Tag will be ignored.
Feb 28, 2024 9:18:45 P.M. org.junit.jupiter.engine.descriptor.JupiterTestDescriptor lambda$getTags$1
WARNING: Configuration error: invalid tag syntax in @Tag("Valid Input") declaration on [public void homework.AppTest.test17()]. Tag will be ignored.
Feb 28, 2024 9:18:45 P.M. org.junit.jupiter.engine.descriptor.JupiterTestDescriptor lambda$getTags$1
WARNING: Configuration error: invalid tag syntax in @Tag("Valid Input") declaration on [public void homework.AppTest.test18()]. Tag will be ignored.
Feb 28, 2024 9:18:45 P.M. org.junit.jupiter.engine.descriptor.JupiterTestDescriptor lambda$getTags$1
WARNING: Configuration error: invalid tag syntax in @Tag("Valid Input") declaration on [public void homework.AppTest.test19()]. Tag will be ignored.
Feb 28, 2024 9:18:45 P.M. org.junit.jupiter.engine.descriptor.JupiterTestDescriptor lambda$getTags$1
WARNING: Configuration error: invalid tag syntax in @Tag("Valid Input") declaration on [public void homework.AppTest.test20()]. Tag will be ignored.
Feb 28, 2024 9:18:45 P.M. org.junit.jupiter.engine.descriptor.JupiterTestDescriptor lambda$getTags$1
WARNING: Configuration error: invalid tag syntax in @Tag("Invalid Input") declaration on [public void homework.AppTest.test9()]. Tag will be ignored.
Feb 28, 2024 9:18:45 P.M. org.junit.jupiter.engine.descriptor.JupiterTestDescriptor lambda$getTags$1
WARNING: Configuration error: invalid tag syntax in @Tag("Invalid Input") declaration on [public void homework.AppTest.test10()]. Tag will be ignored.
Feb 28, 2024 9:18:45 P.M. org.junit.jupiter.engine.descriptor.JupiterTestDescriptor lambda$getTags$1
WARNING: Configuration error: invalid tag syntax in @Tag("Invalid Input") declaration on [public void homework.AppTest.test11()]. Tag will be ignored.
Feb 28, 2024 9:18:45 P.M. org.junit.jupiter.engine.descriptor.JupiterTestDescriptor lambda$getTags$1
WARNING: Configuration error: invalid tag syntax in @Tag("Invalid Input") declaration on [public void homework.AppTest.test12()]. Tag will be ignored.
Feb 28, 2024 9:18:45 P.M. org.junit.jupiter.engine.descriptor.JupiterTestDescriptor lambda$getTags$1
WARNING: Configuration error: invalid tag syntax in @Tag("Invalid Input") declaration on [public void homework.AppTest.test13()]. Tag will be ignored.
Feb 28, 2024 9:18:45 P.M. org.junit.jupiter.engine.descriptor.JupiterTestDescriptor lambda$getTags$1
WARNING: Configuration error: invalid tag syntax in @Tag("Invalid Input") declaration on [public void homework.AppTest.test15()]. Tag will be ignored.
Feb 28, 2024 9:18:45 P.M. org.junit.jupiter.engine.descriptor.JupiterTestDescriptor lambda$getTags$1
WARNING: Configuration error: invalid tag syntax in @Tag("Invalid Input") declaration on [public void homework.AppTest.test16()]. Tag will be ignored.
Feb 28, 2024 9:18:45 P.M. org.junit.jupiter.engine.descriptor.JupiterTestDescriptor lambda$getTags$1
WARNING: Configuration error: invalid tag syntax in @Tag("Valid Input") declaration on [public void homework.AppTest.test17()]. Tag will be ignored.
Feb 28, 2024 9:18:45 P.M. org.junit.jupiter.engine.descriptor.JupiterTestDescriptor lambda$getTags$1
WARNING: Configuration error: invalid tag syntax in @Tag("Valid Input") declaration on [public void homework.AppTest.test18()]. Tag will be ignored.
Feb 28, 2024 9:18:45 P.M. org.junit.jupiter.engine.descriptor.JupiterTestDescriptor lambda$getTags$1
WARNING: Configuration error: invalid tag syntax in @Tag("Valid Input") declaration on [public void homework.AppTest.test19()]. Tag will be ignored.
Feb 28, 2024 9:18:45 P.M. org.junit.jupiter.engine.descriptor.JupiterTestDescriptor lambda$getTags$1
WARNING: Configuration error: invalid tag syntax in @Tag("Valid Input") declaration on [public void homework.AppTest.test20()]. Tag will be ignored.
Feb 28, 2024 9:18:45 P.M. org.junit.jupiter.engine.descriptor.JupiterTestDescriptor lambda$getTags$1
WARNING: Configuration error: invalid tag syntax in @Tag("Invalid Input") declaration on [public void homework.AppTest.test9()]. Tag will be ignored.
]]></system-err>
  </testcase>
  <testcase name="test11" classname="homework.AppTest" time="0.002"/>
  <testcase name="test12" classname="homework.AppTest" time="0.002"/>
  <testcase name="test13" classname="homework.AppTest" time="0.001"/>
  <testcase name="test15" classname="homework.AppTest" time="0.001"/>
  <testcase name="test16" classname="homework.AppTest" time="0.001"/>
  <testcase name="test17" classname="homework.AppTest" time="0.005"/>
  <testcase name="test18" classname="homework.AppTest" time="0.002"/>
  <testcase name="test19" classname="homework.AppTest" time="0.001"/>
  <testcase name="test20" classname="homework.AppTest" time="0.001"/>
  <testcase name="test1" classname="homework.AppTest" time="0.001"/>
  <testcase name="test2" classname="homework.AppTest" time="0.002"/>
  <testcase name="test3" classname="homework.AppTest" time="0.001"/>
  <testcase name="test4" classname="homework.AppTest" time="0.001"/>
  <testcase name="test5" classname="homework.AppTest" time="0.001"/>
  <testcase name="test6" classname="homework.AppTest" time="0.001"/>
  <testcase name="test7" classname="homework.AppTest" time="0.001"/>
  <testcase name="test8" classname="homework.AppTest" time="0.001"/>
  <testcase name="test9" classname="homework.AppTest" time="0.003"/>
</testsuite>